<?xml version="1.0" encoding="UTF-8"?>
<coverage generated="1556969305281" clover="3.2.0">
  <project timestamp="1556969305282" name="All files">
    <metrics statements="51" coveredstatements="36" conditionals="14" coveredconditionals="9" methods="10" coveredmethods="6" elements="75" coveredelements="51" complexity="0" loc="51" ncloc="51" packages="4" files="6" classes="6"/>
    <package name="src">
      <metrics statements="1" coveredstatements="1" conditionals="0" coveredconditionals="0" methods="0" coveredmethods="0"/>
      <file name="axios-itenary.js" path="C:\Spoo\JSVisa\TechInterview\Yilu\Yilu-Prototype\src\axios-itenary.js">
        <metrics statements="1" coveredstatements="1" conditionals="0" coveredconditionals="0" methods="0" coveredmethods="0"/>
        <line num="3" count="1" type="stmt"/>
      </file>
    </package>
    <package name="src.components.Itinerary">
      <metrics statements="39" coveredstatements="28" conditionals="12" coveredconditionals="8" methods="4" coveredmethods="3"/>
      <file name="AirportDetails.js" path="C:\Spoo\JSVisa\TechInterview\Yilu\Yilu-Prototype\src\components\Itinerary\AirportDetails.js">
        <metrics statements="6" coveredstatements="6" conditionals="2" coveredconditionals="1" methods="1" coveredmethods="1"/>
        <line num="3" count="2" type="stmt"/>
        <line num="4" count="1" type="stmt"/>
        <line num="5" count="1" type="stmt"/>
        <line num="6" count="1" type="cond" truecount="1" falsecount="1"/>
        <line num="7" count="1" type="stmt"/>
        <line num="11" count="1" type="stmt"/>
      </file>
      <file name="FlightDetails.js" path="C:\Spoo\JSVisa\TechInterview\Yilu\Yilu-Prototype\src\components\Itinerary\FlightDetails.js">
        <metrics statements="10" coveredstatements="1" conditionals="2" coveredconditionals="0" methods="1" coveredmethods="0"/>
        <line num="3" count="2" type="stmt"/>
        <line num="4" count="0" type="stmt"/>
        <line num="5" count="0" type="stmt"/>
        <line num="6" count="0" type="stmt"/>
        <line num="7" count="0" type="stmt"/>
        <line num="8" count="0" type="stmt"/>
        <line num="9" count="0" type="stmt"/>
        <line num="10" count="0" type="cond" truecount="0" falsecount="2"/>
        <line num="11" count="0" type="stmt"/>
        <line num="15" count="0" type="stmt"/>
      </file>
      <file name="Itinerary.js" path="C:\Spoo\JSVisa\TechInterview\Yilu\Yilu-Prototype\src\components\Itinerary\Itinerary.js">
        <metrics statements="23" coveredstatements="21" conditionals="8" coveredconditionals="7" methods="2" coveredmethods="2"/>
        <line num="5" count="2" type="stmt"/>
        <line num="6" count="6" type="stmt"/>
        <line num="7" count="6" type="stmt"/>
        <line num="8" count="6" type="stmt"/>
        <line num="9" count="6" type="cond" truecount="2" falsecount="0"/>
        <line num="11" count="1" type="stmt"/>
        <line num="12" count="2" type="stmt"/>
        <line num="13" count="2" type="stmt"/>
        <line num="14" count="2" type="stmt"/>
        <line num="15" count="2" type="stmt"/>
        <line num="16" count="2" type="cond" truecount="2" falsecount="0"/>
        <line num="17" count="1" type="stmt"/>
        <line num="19" count="1" type="stmt"/>
        <line num="20" count="1" type="stmt"/>
        <line num="23" count="2" type="cond" truecount="2" falsecount="0"/>
        <line num="24" count="1" type="stmt"/>
        <line num="25" count="1" type="stmt"/>
        <line num="28" count="2" type="cond" truecount="1" falsecount="1"/>
        <line num="29" count="0" type="stmt"/>
        <line num="30" count="0" type="stmt"/>
        <line num="33" count="2" type="stmt"/>
        <line num="43" count="1" type="stmt"/>
        <line num="46" count="6" type="stmt"/>
      </file>
    </package>
    <package name="src.containers.Itenary">
      <metrics statements="9" coveredstatements="6" conditionals="2" coveredconditionals="1" methods="5" coveredmethods="3"/>
      <file name="Overview.js" path="C:\Spoo\JSVisa\TechInterview\Yilu\Yilu-Prototype\src\containers\Itenary\Overview.js">
        <metrics statements="9" coveredstatements="6" conditionals="2" coveredconditionals="1" methods="5" coveredmethods="3"/>
        <line num="14" count="1" type="stmt"/>
        <line num="16" count="0" type="stmt"/>
        <line num="17" count="0" type="stmt"/>
        <line num="20" count="0" type="stmt"/>
        <line num="25" count="1" type="stmt"/>
        <line num="29" count="1" type="stmt"/>
        <line num="30" count="1" type="cond" truecount="1" falsecount="1"/>
        <line num="31" count="1" type="stmt"/>
        <line num="34" count="1" type="stmt"/>
      </file>
    </package>
    <package name="src.hoc.Layout">
      <metrics statements="2" coveredstatements="1" conditionals="0" coveredconditionals="0" methods="1" coveredmethods="0"/>
      <file name="Layout.js" path="C:\Spoo\JSVisa\TechInterview\Yilu\Yilu-Prototype\src\hoc\Layout\Layout.js">
        <metrics statements="2" coveredstatements="1" conditionals="0" coveredconditionals="0" methods="1" coveredmethods="0"/>
        <line num="3" count="1" type="stmt"/>
        <line num="4" count="0" type="stmt"/>
      </file>
    </package>
  </project>
</coverage>
