{"C:\\Spoo\\JSVisa\\TechInterview\\Yilu\\Yilu-Prototype\\src\\axios-itenary.js": {"path":"C:\\Spoo\\JSVisa\\TechInterview\\Yilu\\Yilu-Prototype\\src\\axios-itenary.js","statementMap":{"0":{"start":{"line":3,"column":17},"end":{"line":5,"column":2}}},"fnMap":{},"branchMap":{},"s":{"0":1},"f":{},"b":{},"_coverageSchema":"43e27e138ebf9cfc5966b082cf9a028302ed4184","hash":"78330388e35cc846e635fb20394d925895d978c8"}
,"C:\\Spoo\\JSVisa\\TechInterview\\Yilu\\Yilu-Prototype\\src\\components\\Itinerary\\AirportDetails.js": {"path":"C:\\Spoo\\JSVisa\\TechInterview\\Yilu\\Yilu-Prototype\\src\\components\\Itinerary\\AirportDetails.js","statementMap":{"0":{"start":{"line":3,"column":22},"end":{"line":17,"column":1}},"1":{"start":{"line":4,"column":20},"end":{"line":4,"column":33}},"2":{"start":{"line":5,"column":22},"end":{"line":5,"column":29}},"3":{"start":{"line":6,"column":4},"end":{"line":10,"column":5}},"4":{"start":{"line":7,"column":8},"end":{"line":9,"column":12}},"5":{"start":{"line":11,"column":4},"end":{"line":16,"column":5}}},"fnMap":{"0":{"name":"(anonymous_0)","decl":{"start":{"line":3,"column":22},"end":{"line":3,"column":23}},"loc":{"start":{"line":3,"column":32},"end":{"line":17,"column":1}},"line":3}},"branchMap":{"0":{"loc":{"start":{"line":6,"column":4},"end":{"line":10,"column":5}},"type":"if","locations":[{"start":{"line":6,"column":4},"end":{"line":10,"column":5}},{"start":{"line":6,"column":4},"end":{"line":10,"column":5}}],"line":6}},"s":{"0":2,"1":1,"2":1,"3":1,"4":1,"5":1},"f":{"0":1},"b":{"0":[1,0]},"_coverageSchema":"43e27e138ebf9cfc5966b082cf9a028302ed4184","hash":"462b20207ccba7aa0355df9e2e198500fdbefadc"}
,"C:\\Spoo\\JSVisa\\TechInterview\\Yilu\\Yilu-Prototype\\src\\components\\Itinerary\\FlightDetails.js": {"path":"C:\\Spoo\\JSVisa\\TechInterview\\Yilu\\Yilu-Prototype\\src\\components\\Itinerary\\FlightDetails.js","statementMap":{"0":{"start":{"line":3,"column":21},"end":{"line":33,"column":1}},"1":{"start":{"line":4,"column":20},"end":{"line":4,"column":33}},"2":{"start":{"line":5,"column":23},"end":{"line":5,"column":51}},"3":{"start":{"line":6,"column":24},"end":{"line":6,"column":95}},"4":{"start":{"line":7,"column":17},"end":{"line":7,"column":37}},"5":{"start":{"line":8,"column":22},"end":{"line":8,"column":47}},"6":{"start":{"line":9,"column":22},"end":{"line":9,"column":24}},"7":{"start":{"line":10,"column":4},"end":{"line":14,"column":5}},"8":{"start":{"line":11,"column":8},"end":{"line":13,"column":10}},"9":{"start":{"line":15,"column":4},"end":{"line":32,"column":5}}},"fnMap":{"0":{"name":"(anonymous_0)","decl":{"start":{"line":3,"column":21},"end":{"line":3,"column":22}},"loc":{"start":{"line":3,"column":31},"end":{"line":33,"column":1}},"line":3}},"branchMap":{"0":{"loc":{"start":{"line":10,"column":4},"end":{"line":14,"column":5}},"type":"if","locations":[{"start":{"line":10,"column":4},"end":{"line":14,"column":5}},{"start":{"line":10,"column":4},"end":{"line":14,"column":5}}],"line":10}},"s":{"0":2,"1":0,"2":0,"3":0,"4":0,"5":0,"6":0,"7":0,"8":0,"9":0},"f":{"0":0},"b":{"0":[0,0]},"_coverageSchema":"43e27e138ebf9cfc5966b082cf9a028302ed4184","hash":"6213a14b76f59d8e238ca622c7a5f7458d89e651"}
,"C:\\Spoo\\JSVisa\\TechInterview\\Yilu\\Yilu-Prototype\\src\\components\\Itinerary\\Itinerary.js": {"path":"C:\\Spoo\\JSVisa\\TechInterview\\Yilu\\Yilu-Prototype\\src\\components\\Itinerary\\Itinerary.js","statementMap":{"0":{"start":{"line":5,"column":18},"end":{"line":51,"column":1}},"1":{"start":{"line":6,"column":4},"end":{"line":6,"column":23}},"2":{"start":{"line":7,"column":15},"end":{"line":7,"column":19}},"3":{"start":{"line":8,"column":25},"end":{"line":8,"column":27}},"4":{"start":{"line":9,"column":4},"end":{"line":44,"column":5}},"5":{"start":{"line":11,"column":8},"end":{"line":41,"column":10}},"6":{"start":{"line":12,"column":12},"end":{"line":12,"column":85}},"7":{"start":{"line":13,"column":30},"end":{"line":13,"column":32}},"8":{"start":{"line":14,"column":28},"end":{"line":14,"column":30}},"9":{"start":{"line":15,"column":25},"end":{"line":15,"column":41}},"10":{"start":{"line":16,"column":12},"end":{"line":21,"column":13}},"11":{"start":{"line":17,"column":16},"end":{"line":18,"column":58}},"12":{"start":{"line":19,"column":16},"end":{"line":19,"column":59}},"13":{"start":{"line":20,"column":16},"end":{"line":20,"column":41}},"14":{"start":{"line":23,"column":12},"end":{"line":26,"column":13}},"15":{"start":{"line":24,"column":16},"end":{"line":24,"column":67}},"16":{"start":{"line":25,"column":16},"end":{"line":25,"column":56}},"17":{"start":{"line":28,"column":12},"end":{"line":31,"column":13}},"18":{"start":{"line":29,"column":16},"end":{"line":29,"column":66}},"19":{"start":{"line":30,"column":16},"end":{"line":30,"column":43}},"20":{"start":{"line":33,"column":12},"end":{"line":40,"column":13}},"21":{"start":{"line":43,"column":8},"end":{"line":43,"column":26}},"22":{"start":{"line":46,"column":4},"end":{"line":50,"column":5}}},"fnMap":{"0":{"name":"(anonymous_0)","decl":{"start":{"line":5,"column":18},"end":{"line":5,"column":19}},"loc":{"start":{"line":5,"column":29},"end":{"line":51,"column":1}},"line":5},"1":{"name":"(anonymous_1)","decl":{"start":{"line":11,"column":52},"end":{"line":11,"column":53}},"loc":{"start":{"line":11,"column":65},"end":{"line":41,"column":9}},"line":11}},"branchMap":{"0":{"loc":{"start":{"line":9,"column":4},"end":{"line":44,"column":5}},"type":"if","locations":[{"start":{"line":9,"column":4},"end":{"line":44,"column":5}},{"start":{"line":9,"column":4},"end":{"line":44,"column":5}}],"line":9},"1":{"loc":{"start":{"line":16,"column":12},"end":{"line":21,"column":13}},"type":"if","locations":[{"start":{"line":16,"column":12},"end":{"line":21,"column":13}},{"start":{"line":16,"column":12},"end":{"line":21,"column":13}}],"line":16},"2":{"loc":{"start":{"line":23,"column":12},"end":{"line":26,"column":13}},"type":"if","locations":[{"start":{"line":23,"column":12},"end":{"line":26,"column":13}},{"start":{"line":23,"column":12},"end":{"line":26,"column":13}}],"line":23},"3":{"loc":{"start":{"line":28,"column":12},"end":{"line":31,"column":13}},"type":"if","locations":[{"start":{"line":28,"column":12},"end":{"line":31,"column":13}},{"start":{"line":28,"column":12},"end":{"line":31,"column":13}}],"line":28}},"s":{"0":2,"1":6,"2":6,"3":6,"4":6,"5":1,"6":2,"7":2,"8":2,"9":2,"10":2,"11":1,"12":1,"13":1,"14":2,"15":1,"16":1,"17":2,"18":0,"19":0,"20":2,"21":1,"22":6},"f":{"0":6,"1":2},"b":{"0":[1,5],"1":[1,1],"2":[1,1],"3":[0,2]},"_coverageSchema":"43e27e138ebf9cfc5966b082cf9a028302ed4184","hash":"ea3f065e3a298bfdc76f669481922a4e7a5086a9"}
,"C:\\Spoo\\JSVisa\\TechInterview\\Yilu\\Yilu-Prototype\\src\\containers\\Itenary\\Overview.js": {"path":"C:\\Spoo\\JSVisa\\TechInterview\\Yilu\\Yilu-Prototype\\src\\containers\\Itenary\\Overview.js","statementMap":{"0":{"start":{"line":14,"column":8},"end":{"line":21,"column":11}},"1":{"start":{"line":16,"column":12},"end":{"line":16,"column":52}},"2":{"start":{"line":17,"column":12},"end":{"line":17,"column":59}},"3":{"start":{"line":20,"column":12},"end":{"line":20,"column":33}},"4":{"start":{"line":25,"column":8},"end":{"line":25,"column":34}},"5":{"start":{"line":29,"column":22},"end":{"line":29,"column":24}},"6":{"start":{"line":30,"column":8},"end":{"line":32,"column":9}},"7":{"start":{"line":31,"column":12},"end":{"line":31,"column":63}},"8":{"start":{"line":34,"column":8},"end":{"line":44,"column":10}}},"fnMap":{"0":{"name":"(anonymous_0)","decl":{"start":{"line":12,"column":25},"end":{"line":12,"column":26}},"loc":{"start":{"line":12,"column":31},"end":{"line":22,"column":5}},"line":12},"1":{"name":"(anonymous_1)","decl":{"start":{"line":15,"column":14},"end":{"line":15,"column":15}},"loc":{"start":{"line":15,"column":26},"end":{"line":18,"column":9}},"line":15},"2":{"name":"(anonymous_2)","decl":{"start":{"line":19,"column":15},"end":{"line":19,"column":16}},"loc":{"start":{"line":19,"column":24},"end":{"line":21,"column":9}},"line":19},"3":{"name":"(anonymous_3)","decl":{"start":{"line":24,"column":4},"end":{"line":24,"column":5}},"loc":{"start":{"line":24,"column":24},"end":{"line":26,"column":5}},"line":24},"4":{"name":"(anonymous_4)","decl":{"start":{"line":28,"column":4},"end":{"line":28,"column":5}},"loc":{"start":{"line":28,"column":12},"end":{"line":45,"column":5}},"line":28}},"branchMap":{"0":{"loc":{"start":{"line":30,"column":8},"end":{"line":32,"column":9}},"type":"if","locations":[{"start":{"line":30,"column":8},"end":{"line":32,"column":9}},{"start":{"line":30,"column":8},"end":{"line":32,"column":9}}],"line":30}},"s":{"0":1,"1":0,"2":0,"3":0,"4":1,"5":1,"6":1,"7":1,"8":1},"f":{"0":1,"1":0,"2":0,"3":1,"4":1},"b":{"0":[1,0]},"_coverageSchema":"43e27e138ebf9cfc5966b082cf9a028302ed4184","hash":"b723653ab2b6993f0e1b55662fa9a984b31f420d"}
,"C:\\Spoo\\JSVisa\\TechInterview\\Yilu\\Yilu-Prototype\\src\\hoc\\Layout\\Layout.js": {"path":"C:\\Spoo\\JSVisa\\TechInterview\\Yilu\\Yilu-Prototype\\src\\hoc\\Layout\\Layout.js","statementMap":{"0":{"start":{"line":3,"column":15},"end":{"line":9,"column":1}},"1":{"start":{"line":4,"column":4},"end":{"line":8,"column":21}}},"fnMap":{"0":{"name":"(anonymous_0)","decl":{"start":{"line":3,"column":15},"end":{"line":3,"column":16}},"loc":{"start":{"line":4,"column":4},"end":{"line":8,"column":21}},"line":4}},"branchMap":{},"s":{"0":1,"1":0},"f":{"0":0},"b":{},"_coverageSchema":"43e27e138ebf9cfc5966b082cf9a028302ed4184","hash":"bb9f3978619fe05a05b4e19f846ea7e72dbc8eef"}
}
