TN:
SF:C:\Spoo\JSVisa\TechInterview\Yilu\Yilu-Prototype\src\axios-itenary.js
FNF:0
FNH:0
DA:3,1
LF:1
LH:1
BRF:0
BRH:0
end_of_record
TN:
SF:C:\Spoo\JSVisa\TechInterview\Yilu\Yilu-Prototype\src\components\Itinerary\AirportDetails.js
FN:3,(anonymous_0)
FNF:1
FNH:1
FNDA:1,(anonymous_0)
DA:3,2
DA:4,1
DA:5,1
DA:6,1
DA:7,1
DA:11,1
LF:6
LH:6
BRDA:6,0,0,1
BRDA:6,0,1,0
BRF:2
BRH:1
end_of_record
TN:
SF:C:\Spoo\JSVisa\TechInterview\Yilu\Yilu-Prototype\src\components\Itinerary\FlightDetails.js
FN:3,(anonymous_0)
FNF:1
FNH:0
FNDA:0,(anonymous_0)
DA:3,2
DA:4,0
DA:5,0
DA:6,0
DA:7,0
DA:8,0
DA:9,0
DA:10,0
DA:11,0
DA:15,0
LF:10
LH:1
BRDA:10,0,0,0
BRDA:10,0,1,0
BRF:2
BRH:0
end_of_record
TN:
SF:C:\Spoo\JSVisa\TechInterview\Yilu\Yilu-Prototype\src\components\Itinerary\Itinerary.js
FN:5,(anonymous_0)
FN:11,(anonymous_1)
FNF:2
FNH:2
FNDA:6,(anonymous_0)
FNDA:2,(anonymous_1)
DA:5,2
DA:6,6
DA:7,6
DA:8,6
DA:9,6
DA:11,1
DA:12,2
DA:13,2
DA:14,2
DA:15,2
DA:16,2
DA:17,1
DA:19,1
DA:20,1
DA:23,2
DA:24,1
DA:25,1
DA:28,2
DA:29,0
DA:30,0
DA:33,2
DA:43,1
DA:46,6
LF:23
LH:21
BRDA:9,0,0,1
BRDA:9,0,1,5
BRDA:16,1,0,1
BRDA:16,1,1,1
BRDA:23,2,0,1
BRDA:23,2,1,1
BRDA:28,3,0,0
BRDA:28,3,1,2
BRF:8
BRH:7
end_of_record
TN:
SF:C:\Spoo\JSVisa\TechInterview\Yilu\Yilu-Prototype\src\containers\Itenary\Overview.js
FN:12,(anonymous_0)
FN:15,(anonymous_1)
FN:19,(anonymous_2)
FN:24,(anonymous_3)
FN:28,(anonymous_4)
FNF:5
FNH:3
FNDA:1,(anonymous_0)
FNDA:0,(anonymous_1)
FNDA:0,(anonymous_2)
FNDA:1,(anonymous_3)
FNDA:1,(anonymous_4)
DA:14,1
DA:16,0
DA:17,0
DA:20,0
DA:25,1
DA:29,1
DA:30,1
DA:31,1
DA:34,1
LF:9
LH:6
BRDA:30,0,0,1
BRDA:30,0,1,0
BRF:2
BRH:1
end_of_record
TN:
SF:C:\Spoo\JSVisa\TechInterview\Yilu\Yilu-Prototype\src\hoc\Layout\Layout.js
FN:3,(anonymous_0)
FNF:1
FNH:0
FNDA:0,(anonymous_0)
DA:3,1
DA:4,0
LF:2
LH:1
BRF:0
BRH:0
end_of_record
